<?xml version="1.0" encoding="UTF-8"?>
<testng-results skipped="0" failed="0" ignored="0" total="1" passed="1">
  <reporter-output>
  </reporter-output>
  <suite name="Default suite" duration-ms="5856" started-at="2017-05-20T12:48:36Z" finished-at="2017-05-20T12:48:42Z">
    <groups>
    </groups>
    <test name="Default test" duration-ms="5856" started-at="2017-05-20T12:48:36Z" finished-at="2017-05-20T12:48:42Z">
      <class name="com.gamma.airlines.admin.customers.CustomersControllerTest">
        <test-method status="PASS" signature="springTestContextBeforeTestClass()[pri:0, instance:com.gamma.airlines.admin.customers.CustomersControllerTest@7e9131d5]" name="springTestContextBeforeTestClass" is-config="true" duration-ms="13" started-at="2017-05-20T14:48:36Z" finished-at="2017-05-20T14:48:36Z">
          <reporter-output>
          </reporter-output>
        </test-method> <!-- springTestContextBeforeTestClass -->
        <test-method status="PASS" signature="springTestContextPrepareTestInstance()[pri:0, instance:com.gamma.airlines.admin.customers.CustomersControllerTest@7e9131d5]" name="springTestContextPrepareTestInstance" is-config="true" duration-ms="5024" started-at="2017-05-20T14:48:36Z" depends-on-methods="org.springframework.test.context.testng.AbstractTestNGSpringContextTests.springTestContextBeforeTestClass" finished-at="2017-05-20T14:48:41Z">
          <reporter-output>
          </reporter-output>
        </test-method> <!-- springTestContextPrepareTestInstance -->
        <test-method status="PASS" signature="springTestContextBeforeTestMethod(java.lang.reflect.Method)[pri:0, instance:com.gamma.airlines.admin.customers.CustomersControllerTest@7e9131d5]" name="springTestContextBeforeTestMethod" is-config="true" duration-ms="4" started-at="2017-05-20T14:48:41Z" finished-at="2017-05-20T14:48:41Z">
          <params>
            <param index="0">
              <value>
                <![CDATA[public void com.gamma.airlines.admin.customers.CustomersControllerTest.view_home() throws java.lang.Exception]]>
              </value>
            </param>
          </params>
          <reporter-output>
          </reporter-output>
        </test-method> <!-- springTestContextBeforeTestMethod -->
        <test-method status="PASS" signature="view_home()[pri:0, instance:com.gamma.airlines.admin.customers.CustomersControllerTest@7e9131d5]" name="view_home" duration-ms="785" started-at="2017-05-20T14:48:41Z" finished-at="2017-05-20T14:48:42Z">
          <reporter-output>
          </reporter-output>
        </test-method> <!-- view_home -->
        <test-method status="PASS" signature="springTestContextAfterTestMethod(java.lang.reflect.Method)[pri:0, instance:com.gamma.airlines.admin.customers.CustomersControllerTest@7e9131d5]" name="springTestContextAfterTestMethod" is-config="true" duration-ms="1" started-at="2017-05-20T14:48:42Z" finished-at="2017-05-20T14:48:42Z">
          <params>
            <param index="0">
              <value>
                <![CDATA[public void com.gamma.airlines.admin.customers.CustomersControllerTest.view_home() throws java.lang.Exception]]>
              </value>
            </param>
          </params>
          <reporter-output>
          </reporter-output>
        </test-method> <!-- springTestContextAfterTestMethod -->
        <test-method status="PASS" signature="springTestContextAfterTestClass()[pri:0, instance:com.gamma.airlines.admin.customers.CustomersControllerTest@7e9131d5]" name="springTestContextAfterTestClass" is-config="true" duration-ms="1" started-at="2017-05-20T14:48:42Z" finished-at="2017-05-20T14:48:42Z">
          <reporter-output>
          </reporter-output>
        </test-method> <!-- springTestContextAfterTestClass -->
      </class> <!-- com.gamma.airlines.admin.customers.CustomersControllerTest -->
    </test> <!-- Default test -->
  </suite> <!-- Default suite -->
</testng-results>
